sandbox/Facebook1/samples/RPSSample/build/outputs/logs/manifest-merger-debug-report.txt
-- Merging decision tree log ---
manifest
ADDED from AndroidManifest.xml:22:1
	package
		ADDED from AndroidManifest.xml:23:11
	android:versionName
		ADDED from AndroidManifest.xml:25:11
	android:versionCode
		ADDED from AndroidManifest.xml:24:11
		INJECTED from AndroidManifest.xml:0:0
		INJECTED from AndroidManifest.xml:0:0
	xmlns:android
		ADDED from AndroidManifest.xml:22:11
uses-permission#android.permission.INTERNET
ADDED from AndroidManifest.xml:26:5
	android:name
		ADDED from AndroidManifest.xml:26:22
uses-permission#android.permission.WRITE_EXTERNAL_STORAGE
ADDED from AndroidManifest.xml:27:5
	android:name
		ADDED from AndroidManifest.xml:27:22
application
ADDED from AndroidManifest.xml:28:5
MERGED from com.facebook.android:facebook:4.6.0:28:5
MERGED from com.android.support:support-v4:22.2.1:22:5
	android:label
		ADDED from AndroidManifest.xml:28:18
	android:icon
		ADDED from AndroidManifest.xml:29:18
	android:theme
		ADDED from AndroidManifest.xml:30:18
activity#com.example.rps.MainActivity
ADDED from AndroidManifest.xml:32:9
	android:screenOrientation
		ADDED from AndroidManifest.xml:34:19
	android:label
		ADDED from AndroidManifest.xml:33:19
	android:windowSoftInputMode
		ADDED from AndroidManifest.xml:35:19
	android:name
		ADDED from AndroidManifest.xml:32:19
intent-filter#android.intent.action.MAIN+android.intent.category.LAUNCHER
ADDED from AndroidManifest.xml:36:13
action#android.intent.action.MAIN
ADDED from AndroidManifest.xml:37:17
	android:name
		ADDED from AndroidManifest.xml:37:25
category#android.intent.category.LAUNCHER
ADDED from AndroidManifest.xml:38:17
	android:name
		ADDED from AndroidManifest.xml:38:27
intent-filter#android.intent.action.VIEW+android.intent.category.BROWSABLE+android.intent.category.DEFAULT
ADDED from AndroidManifest.xml:40:13
action#android.intent.action.VIEW
ADDED from AndroidManifest.xml:41:17
	android:name
		ADDED from AndroidManifest.xml:41:25
category#android.intent.category.DEFAULT
ADDED from AndroidManifest.xml:42:17
	android:name
		ADDED from AndroidManifest.xml:42:27
category#android.intent.category.BROWSABLE
ADDED from AndroidManifest.xml:43:17
	android:name
		ADDED from AndroidManifest.xml:43:27
data
ADDED from AndroidManifest.xml:44:17
	android:host
		ADDED from AndroidManifest.xml:44:23
	android:scheme
		ADDED from AndroidManifest.xml:44:44
activity#com.facebook.FacebookActivity
ADDED from AndroidManifest.xml:47:9
	android:label
		ADDED from AndroidManifest.xml:50:19
	android:configChanges
		ADDED from AndroidManifest.xml:48:19
	android:theme
		ADDED from AndroidManifest.xml:49:19
	android:name
		ADDED from AndroidManifest.xml:47:19
meta-data#com.facebook.sdk.ApplicationId
ADDED from AndroidManifest.xml:51:9
	android:value
		ADDED from AndroidManifest.xml:51:66
	android:name
		ADDED from AndroidManifest.xml:51:20
meta-data#com.facebook.sdk.ApplicationName
ADDED from AndroidManifest.xml:52:9
	android:value
		ADDED from AndroidManifest.xml:53:20
	android:name
		ADDED from AndroidManifest.xml:52:20
provider#com.facebook.FacebookContentProvider
ADDED from AndroidManifest.xml:54:9
	android:authorities
		ADDED from AndroidManifest.xml:54:19
	android:exported
		ADDED from AndroidManifest.xml:56:19
	android:name
		ADDED from AndroidManifest.xml:55:19
uses-sdk
INJECTED from AndroidManifest.xml:0:0 reason: use-sdk injection requested
MERGED from com.facebook.android:facebook:4.6.0:24:5
MERGED from com.android.support:support-v4:22.2.1:20:5
	android:targetSdkVersion
		INJECTED from AndroidManifest.xml:0:0
		INJECTED from AndroidManifest.xml:0:0
	android:minSdkVersion
		INJECTED from AndroidManifest.xml:0:0
		INJECTED from AndroidManifest.xml:0:0